<?xml version="1.0" encoding="UTF-8"?>
<!-- Generated by org.testng.reporters.JUnitReportReporter -->
<testsuite hostname="LAPTOP-P3Q25GVB" failures="0" tests="1" name="github.Repos" time="3.813" errors="0" timestamp="2024-03-16T09:04:39 IST" skipped="0">
  <testcase classname="github.Repos" name="CreateRepo" time="3.813"/>
  <system-out/>
</testsuite> <!-- github.Repos -->
