<?xml version="1.0" encoding="UTF-8"?>
<!-- Generated by org.testng.reporters.JUnitReportReporter -->
<testsuite hostname="LAPTOP-P3Q25GVB" failures="0" tests="1" name="differentWaystoPassBody.UsingRawData" time="3.831" errors="0" timestamp="2024-03-13T08:14:15 IST" skipped="0">
  <testcase classname="differentWaystoPassBody.UsingRawData" name="createUser1" time="3.831"/>
  <system-out/>
</testsuite> <!-- differentWaystoPassBody.UsingRawData -->
