<?xml version="1.0" encoding="UTF-8"?>
<!-- Generated by org.testng.reporters.JUnitReportReporter -->
<testsuite hostname="LAPTOP-P3Q25GVB" failures="0" tests="11" name="shoppersStack.Shopper" time="22.861" errors="0" timestamp="2024-03-27T09:09:14 IST" skipped="0">
  <testcase classname="shoppersStack.Shopper" name="viewProducts" time="6.893"/>
  <system-out/>
  <testcase classname="shoppersStack.Shopper" name="ShopperLogin" time="1.855"/>
  <system-out/>
  <testcase classname="shoppersStack.Shopper" name="AddProductToCart" time="1.458"/>
  <system-out/>
  <testcase classname="shoppersStack.Shopper" name="getProductFromCart" time="1.679"/>
  <system-out/>
  <testcase classname="shoppersStack.Shopper" name="updateProductIncart" time="1.600"/>
  <system-out/>
  <testcase classname="shoppersStack.Shopper" name="addAddress" time="1.554"/>
  <system-out/>
  <testcase classname="shoppersStack.Shopper" name="placeOrder" time="1.638"/>
  <system-out/>
  <testcase classname="shoppersStack.Shopper" name="updateorderStatus" time="1.488"/>
  <system-out/>
  <testcase classname="shoppersStack.Shopper" name="addReview" time="1.867"/>
  <system-out/>
  <testcase classname="shoppersStack.Shopper" name="deleteReview" time="1.353"/>
  <system-out/>
  <testcase classname="shoppersStack.Shopper" name="deleteAddress" time="1.476"/>
  <system-out/>
</testsuite> <!-- shoppersStack.Shopper -->
