<?xml version="1.0" encoding="UTF-8"?>
<!-- Generated by org.testng.reporters.JUnitReportReporter -->
<testsuite hostname="LAPTOP-P3Q25GVB" failures="0" tests="1" name="differentWaystoPassBody.UsingPOJO" time="4.291" errors="0" timestamp="2024-03-13T08:13:55 IST" skipped="0">
  <testcase classname="differentWaystoPassBody.UsingPOJO" name="createuser" time="4.291"/>
  <system-out/>
</testsuite> <!-- differentWaystoPassBody.UsingPOJO -->
