<?xml version="1.0" encoding="UTF-8"?>
<!-- Generated by org.testng.reporters.JUnitReportReporter -->
<testsuite hostname="LAPTOP-P3Q25GVB" failures="0" tests="2" name="github.HowToCaptureMultipleData" time="3.764" errors="0" timestamp="2024-03-20T23:19:18 IST" skipped="0">
  <testcase classname="github.HowToCaptureMultipleData" name="deleteRepo" time="0.583"/>
  <system-out/>
  <testcase classname="github.HowToCaptureMultipleData" name="CreateRepo" time="3.181"/>
  <system-out/>
</testsuite> <!-- github.HowToCaptureMultipleData -->
