<?xml version="1.0" encoding="UTF-8"?>
<!-- Generated by org.testng.reporters.JUnitReportReporter -->
<testsuite hostname="LAPTOP-P3Q25GVB" failures="0" tests="1" name="differentWaystoPassBody.UsingHashMap" time="4.699" errors="0" timestamp="2024-03-13T08:05:39 IST" skipped="0">
  <testcase classname="differentWaystoPassBody.UsingHashMap" name="createUser" time="4.699"/>
  <system-out/>
</testsuite> <!-- differentWaystoPassBody.UsingHashMap -->
