<?xml version="1.0" encoding="UTF-8"?>
<!-- Generated by org.testng.reporters.JUnitReportReporter -->
<testsuite hostname="LAPTOP-P3Q25GVB" failures="0" tests="1" name="differentWaystoPassBody.Pet" time="4.922" errors="0" timestamp="2024-03-19T23:16:08 IST" skipped="0">
  <testcase classname="differentWaystoPassBody.Pet" name="createPet" time="4.922"/>
  <system-out/>
</testsuite> <!-- differentWaystoPassBody.Pet -->
