<?xml version="1.0" encoding="UTF-8"?>
<!-- Generated by org.testng.reporters.JUnitReportReporter -->
<testsuite hostname="LAPTOP-P3Q25GVB" failures="0" tests="15" name="reqres.Users" time="10.822" errors="0" timestamp="2024-03-13T08:57:44 IST" skipped="0">
  <testcase classname="reqres.Users" name="getsingleRESOURCENotFound" time="0.395"/>
  <system-out/>
  <testcase classname="reqres.Users" name="creatUser" time="0.375"/>
  <system-out/>
  <testcase classname="reqres.Users" name="REGISTER_UNSUCCESSFUL" time="0.375"/>
  <system-out/>
  <testcase classname="reqres.Users" name="Login_SUCCESSFUL" time="0.493"/>
  <system-out/>
  <testcase classname="reqres.Users" name="get_DELAYED_RESPONSE" time="3.391"/>
  <system-out/>
  <testcase classname="reqres.Users" name="getsingleusernotfound" time="0.131"/>
  <system-out/>
  <testcase classname="reqres.Users" name="Login_UNSUCCESSFUL" time="0.388"/>
  <system-out/>
  <testcase classname="reqres.Users" name="getsingleUser" time="0.129"/>
  <system-out/>
  <testcase classname="reqres.Users" name="Update1" time="0.377"/>
  <system-out/>
  <testcase classname="reqres.Users" name="REGISTER_SUCCESSFUL" time="0.432"/>
  <system-out/>
  <testcase classname="reqres.Users" name="Delete" time="3.485"/>
  <system-out/>
  <testcase classname="reqres.Users" name="getsingleRESOURCE" time="0.151"/>
  <system-out/>
  <testcase classname="reqres.Users" name="getListRESOURCE" time="0.118"/>
  <system-out/>
  <testcase classname="reqres.Users" name="getListUser" time="0.128"/>
  <system-out/>
  <testcase classname="reqres.Users" name="Update" time="0.454"/>
  <system-out/>
</testsuite> <!-- reqres.Users -->
