<?xml version="1.0" encoding="UTF-8"?>
<!-- Generated by org.testng.reporters.JUnitReportReporter -->
<testsuite hostname="LAPTOP-P3Q25GVB" failures="0" tests="2" name="github.HowToCaptureSingledata" time="4.283" errors="0" timestamp="2024-03-18T08:21:37 IST" skipped="0">
  <testcase classname="github.HowToCaptureSingledata" name="CreateRepo" time="3.743"/>
  <system-out/>
  <testcase classname="github.HowToCaptureSingledata" name="deleteRepo" time="0.540"/>
  <system-out/>
</testsuite> <!-- github.HowToCaptureSingledata -->
