<?xml version="1.0" encoding="UTF-8"?>
<!-- Generated by org.testng.reporters.JUnitReportReporter -->
<testsuite hostname="LAPTOP-P3Q25GVB" failures="0" tests="1" name="differentWaystoPassBody.RawData" time="4.817" errors="0" timestamp="2024-03-13T08:21:50 IST" skipped="0">
  <testcase classname="differentWaystoPassBody.RawData" name="createUser1" time="4.817"/>
  <system-out/>
</testsuite> <!-- differentWaystoPassBody.RawData -->
