<?xml version="1.0" encoding="UTF-8"?>
<!-- Generated by org.testng.reporters.JUnitReportReporter -->
<testsuite hostname="LAPTOP-P3Q25GVB" failures="0" tests="4" name="github.RepoChaning" time="7.190" errors="0" timestamp="2024-03-20T23:50:46 IST" skipped="0">
  <testcase classname="github.RepoChaning" name="CreateRepo" time="5.201"/>
  <system-out/>
  <testcase classname="github.RepoChaning" name="getRepo" time="0.519"/>
  <system-out/>
  <testcase classname="github.RepoChaning" name="updateRepo" time="0.679"/>
  <system-out/>
  <testcase classname="github.RepoChaning" name="deleteRepo" time="0.791"/>
  <system-out/>
</testsuite> <!-- github.RepoChaning -->
